Started at Fri Dec 02 19:01:25 UTC 2022
Processing build
Offering build to Project Build Discarder
Processing build and deploy
Offering build and deploy to Project Build Discarder
Processing build deploy
Offering build deploy to Project Build Discarder
Processing job1
Offering job1 to Project Build Discarder
Processing job2
Offering job2 to Project Build Discarder
Processing practice1
Offering practice1 to Project Build Discarder
Processing practice2
Offering practice2 to Project Build Discarder
Processing practice3
Offering practice3 to Project Build Discarder
Processing tomcat
Offering tomcat to Project Build Discarder
Finished at Fri Dec 02 19:01:26 UTC 2022. 18ms
Started at Fri Dec 02 20:01:25 UTC 2022
Processing build
Offering build to Project Build Discarder
Processing build and deploy
Offering build and deploy to Project Build Discarder
Processing build deploy
Offering build deploy to Project Build Discarder
Processing job1
Offering job1 to Project Build Discarder
Processing job2
Offering job2 to Project Build Discarder
Processing practice1
Offering practice1 to Project Build Discarder
Processing practice2
Offering practice2 to Project Build Discarder
Processing practice3
Offering practice3 to Project Build Discarder
Processing tomcat
Offering tomcat to Project Build Discarder
Finished at Fri Dec 02 20:01:25 UTC 2022. 2ms
Started at Fri Dec 02 21:01:25 UTC 2022
Processing build
Offering build to Project Build Discarder
Processing build and deploy
Offering build and deploy to Project Build Discarder
Processing build deploy
Offering build deploy to Project Build Discarder
Processing job1
Offering job1 to Project Build Discarder
Processing job2
Offering job2 to Project Build Discarder
Processing practice1
Offering practice1 to Project Build Discarder
Processing practice2
Offering practice2 to Project Build Discarder
Processing practice3
Offering practice3 to Project Build Discarder
Processing tomcat
Offering tomcat to Project Build Discarder
Finished at Fri Dec 02 21:01:25 UTC 2022. 1ms
Started at Fri Dec 02 22:01:25 UTC 2022
Processing build
Offering build to Project Build Discarder
Processing build and deploy
Offering build and deploy to Project Build Discarder
Processing build deploy
Offering build deploy to Project Build Discarder
Processing job1
Offering job1 to Project Build Discarder
Processing job2
Offering job2 to Project Build Discarder
Processing practice1
Offering practice1 to Project Build Discarder
Processing practice2
Offering practice2 to Project Build Discarder
Processing practice3
Offering practice3 to Project Build Discarder
Processing tomcat
Offering tomcat to Project Build Discarder
Finished at Fri Dec 02 22:01:25 UTC 2022. 1ms
Started at Fri Dec 02 23:01:25 UTC 2022
Processing build
Offering build to Project Build Discarder
Processing build and deploy
Offering build and deploy to Project Build Discarder
Processing build deploy
Offering build deploy to Project Build Discarder
Processing job1
Offering job1 to Project Build Discarder
Processing job2
Offering job2 to Project Build Discarder
Processing practice1
Offering practice1 to Project Build Discarder
Processing practice2
Offering practice2 to Project Build Discarder
Processing practice3
Offering practice3 to Project Build Discarder
Processing tomcat
Offering tomcat to Project Build Discarder
Finished at Fri Dec 02 23:01:25 UTC 2022. 6ms
Started at Sat Dec 03 00:01:25 UTC 2022
Processing build
Offering build to Project Build Discarder
Processing build and deploy
Offering build and deploy to Project Build Discarder
Processing build deploy
Offering build deploy to Project Build Discarder
Processing job1
Offering job1 to Project Build Discarder
Processing job2
Offering job2 to Project Build Discarder
Processing practice1
Offering practice1 to Project Build Discarder
Processing practice2
Offering practice2 to Project Build Discarder
Processing practice3
Offering practice3 to Project Build Discarder
Processing tomcat
Offering tomcat to Project Build Discarder
Finished at Sat Dec 03 00:01:25 UTC 2022. 0ms
Started at Sat Dec 03 01:01:25 UTC 2022
Processing build
Offering build to Project Build Discarder
Processing build and deploy
Offering build and deploy to Project Build Discarder
Processing build deploy
Offering build deploy to Project Build Discarder
Processing job1
Offering job1 to Project Build Discarder
Processing job2
Offering job2 to Project Build Discarder
Processing practice1
Offering practice1 to Project Build Discarder
Processing practice2
Offering practice2 to Project Build Discarder
Processing practice3
Offering practice3 to Project Build Discarder
Processing tomcat
Offering tomcat to Project Build Discarder
Finished at Sat Dec 03 01:01:25 UTC 2022. 1ms
